<?xml version="1.0" encoding="UTF-8"?>
<testng-results skipped="0" failed="0" ignored="0" total="4" passed="4">
  <reporter-output>
  </reporter-output>
  <suite name="Welcome" duration-ms="98651" started-at="2020-12-08T14:30:27 EET" finished-at="2020-12-08T14:32:05 EET">
    <groups>
    </groups>
    <test name="Chrome" duration-ms="44415" started-at="2020-12-08T14:30:27 EET" finished-at="2020-12-08T14:31:11 EET">
      <class name="com.welcome.SuccessLogin">
        <test-method status="PASS" signature="openSuite(java.lang.String)[pri:0, instance:com.welcome.SuccessLogin@2aece37d]" name="openSuite" is-config="true" duration-ms="34272" started-at="2020-12-08T14:30:27 EET" finished-at="2020-12-08T14:31:01 EET">
          <params>
            <param index="0">
              <value>
                <![CDATA[Fire]]>
              </value>
            </param>
          </params>
          <reporter-output>
          </reporter-output>
        </test-method> <!-- openSuite -->
        <test-method status="PASS" signature="loginTest()[pri:0, instance:com.welcome.SuccessLogin@2aece37d]" name="loginTest" duration-ms="9357" started-at="2020-12-08T14:31:01 EET" finished-at="2020-12-08T14:31:10 EET">
          <reporter-output>
          </reporter-output>
        </test-method> <!-- loginTest -->
        <test-method status="PASS" signature="closeTest()[pri:0, instance:com.welcome.SuccessLogin@2aece37d]" name="closeTest" is-config="true" duration-ms="700" started-at="2020-12-08T14:31:11 EET" finished-at="2020-12-08T14:31:11 EET">
          <reporter-output>
          </reporter-output>
        </test-method> <!-- closeTest -->
      </class> <!-- com.welcome.SuccessLogin -->
    </test> <!-- Chrome -->
    <test name="LogOut" duration-ms="23855" started-at="2020-12-08T14:31:11 EET" finished-at="2020-12-08T14:31:35 EET">
      <class name="com.welcome.LogOut">
        <test-method status="PASS" signature="openSuite(java.lang.String)[pri:0, instance:com.welcome.LogOut@3a079870]" name="openSuite" is-config="true" duration-ms="20238" started-at="2020-12-08T14:31:11 EET" finished-at="2020-12-08T14:31:32 EET">
          <params>
            <param index="0">
              <value>
                <![CDATA[Fire]]>
              </value>
            </param>
          </params>
          <reporter-output>
          </reporter-output>
        </test-method> <!-- openSuite -->
        <test-method status="PASS" signature="logOutTest()[pri:0, instance:com.welcome.LogOut@3a079870]" name="logOutTest" duration-ms="2906" started-at="2020-12-08T14:31:32 EET" finished-at="2020-12-08T14:31:34 EET">
          <reporter-output>
          </reporter-output>
        </test-method> <!-- logOutTest -->
        <test-method status="PASS" signature="closeTest()[pri:0, instance:com.welcome.LogOut@3a079870]" name="closeTest" is-config="true" duration-ms="710" started-at="2020-12-08T14:31:34 EET" finished-at="2020-12-08T14:31:35 EET">
          <reporter-output>
          </reporter-output>
        </test-method> <!-- closeTest -->
      </class> <!-- com.welcome.LogOut -->
    </test> <!-- LogOut -->
    <test name="FailLogin" duration-ms="8368" started-at="2020-12-08T14:31:35 EET" finished-at="2020-12-08T14:31:44 EET">
      <class name="com.welcome.FailLogIn">
        <test-method status="PASS" signature="openSuite(java.lang.String)[pri:0, instance:com.welcome.FailLogIn@b62fe6d]" name="openSuite" is-config="true" duration-ms="6333" started-at="2020-12-08T14:31:35 EET" finished-at="2020-12-08T14:31:41 EET">
          <params>
            <param index="0">
              <value>
                <![CDATA[Fire]]>
              </value>
            </param>
          </params>
          <reporter-output>
          </reporter-output>
        </test-method> <!-- openSuite -->
        <test-method status="PASS" signature="errorLoginTest()[pri:0, instance:com.welcome.FailLogIn@b62fe6d]" name="errorLoginTest" duration-ms="1367" started-at="2020-12-08T14:31:41 EET" finished-at="2020-12-08T14:31:43 EET">
          <reporter-output>
          </reporter-output>
        </test-method> <!-- errorLoginTest -->
        <test-method status="PASS" signature="closeTest()[pri:0, instance:com.welcome.FailLogIn@b62fe6d]" name="closeTest" is-config="true" duration-ms="666" started-at="2020-12-08T14:31:43 EET" finished-at="2020-12-08T14:31:44 EET">
          <reporter-output>
          </reporter-output>
        </test-method> <!-- closeTest -->
      </class> <!-- com.welcome.FailLogIn -->
    </test> <!-- FailLogin -->
    <test name="Medecine" duration-ms="21984" started-at="2020-12-08T14:31:44 EET" finished-at="2020-12-08T14:32:05 EET">
      <class name="com.welcome.Medication">
        <test-method status="PASS" signature="openSuite(java.lang.String)[pri:0, instance:com.welcome.Medication@7c417213]" name="openSuite" is-config="true" duration-ms="6556" started-at="2020-12-08T14:31:44 EET" finished-at="2020-12-08T14:31:50 EET">
          <params>
            <param index="0">
              <value>
                <![CDATA[Fire]]>
              </value>
            </param>
          </params>
          <reporter-output>
          </reporter-output>
        </test-method> <!-- openSuite -->
        <test-method status="PASS" signature="medicationTest()[pri:0, instance:com.welcome.Medication@7c417213]" name="medicationTest" duration-ms="14820" started-at="2020-12-08T14:31:50 EET" finished-at="2020-12-08T14:32:05 EET">
          <reporter-output>
          </reporter-output>
        </test-method> <!-- medicationTest -->
        <test-method status="PASS" signature="closeTest()[pri:0, instance:com.welcome.Medication@7c417213]" name="closeTest" is-config="true" duration-ms="607" started-at="2020-12-08T14:32:05 EET" finished-at="2020-12-08T14:32:05 EET">
          <reporter-output>
          </reporter-output>
        </test-method> <!-- closeTest -->
      </class> <!-- com.welcome.Medication -->
    </test> <!-- Medecine -->
  </suite> <!-- Welcome -->
</testng-results>
