<?xml version="1.0" encoding="UTF-8"?>
<testng-results skipped="0" failed="0" ignored="0" total="4" passed="4">
  <reporter-output>
  </reporter-output>
  <suite name="Welcome" duration-ms="45132" started-at="2020-12-04T16:21:02 EET" finished-at="2020-12-04T16:21:47 EET">
    <groups>
    </groups>
    <test name="Chrome" duration-ms="9507" started-at="2020-12-04T16:21:02 EET" finished-at="2020-12-04T16:21:11 EET">
      <class name="com.welcome.SuccessLogin">
        <test-method status="PASS" signature="openSuite(java.lang.String)[pri:0, instance:com.welcome.SuccessLogin@212bf671]" name="openSuite" is-config="true" duration-ms="5765" started-at="2020-12-04T16:21:02 EET" finished-at="2020-12-04T16:21:07 EET">
          <params>
            <param index="0">
              <value>
                <![CDATA[Chrome]]>
              </value>
            </param>
          </params>
          <reporter-output>
          </reporter-output>
        </test-method> <!-- openSuite -->
        <test-method status="PASS" signature="loginTest()[pri:0, instance:com.welcome.SuccessLogin@212bf671]" name="loginTest" duration-ms="3031" started-at="2020-12-04T16:21:07 EET" finished-at="2020-12-04T16:21:10 EET">
          <reporter-output>
          </reporter-output>
        </test-method> <!-- loginTest -->
        <test-method status="PASS" signature="closeTest()[pri:0, instance:com.welcome.SuccessLogin@212bf671]" name="closeTest" is-config="true" duration-ms="625" started-at="2020-12-04T16:21:11 EET" finished-at="2020-12-04T16:21:11 EET">
          <reporter-output>
          </reporter-output>
        </test-method> <!-- closeTest -->
      </class> <!-- com.welcome.SuccessLogin -->
    </test> <!-- Chrome -->
    <test name="LogOut" duration-ms="7932" started-at="2020-12-04T16:21:11 EET" finished-at="2020-12-04T16:21:19 EET">
      <class name="com.welcome.LogOut">
        <test-method status="PASS" signature="loginTest(java.lang.String)[pri:0, instance:com.welcome.LogOut@657c8ad9]" name="loginTest" is-config="true" duration-ms="6834" started-at="2020-12-04T16:21:11 EET" finished-at="2020-12-04T16:21:18 EET">
          <params>
            <param index="0">
              <value>
                <![CDATA[Chrome]]>
              </value>
            </param>
          </params>
          <reporter-output>
          </reporter-output>
        </test-method> <!-- loginTest -->
        <test-method status="PASS" signature="logOutTest()[pri:0, instance:com.welcome.LogOut@657c8ad9]" name="logOutTest" duration-ms="483" started-at="2020-12-04T16:21:18 EET" finished-at="2020-12-04T16:21:19 EET">
          <reporter-output>
          </reporter-output>
        </test-method> <!-- logOutTest -->
        <test-method status="PASS" signature="closeTest()[pri:0, instance:com.welcome.LogOut@657c8ad9]" name="closeTest" is-config="true" duration-ms="612" started-at="2020-12-04T16:21:19 EET" finished-at="2020-12-04T16:21:19 EET">
          <reporter-output>
          </reporter-output>
        </test-method> <!-- closeTest -->
      </class> <!-- com.welcome.LogOut -->
    </test> <!-- LogOut -->
    <test name="FailLogin" duration-ms="6978" started-at="2020-12-04T16:21:19 EET" finished-at="2020-12-04T16:21:26 EET">
      <class name="com.welcome.FailLogIn">
        <test-method status="PASS" signature="openSuite(java.lang.String)[pri:0, instance:com.welcome.FailLogIn@5ad851c9]" name="openSuite" is-config="true" duration-ms="5288" started-at="2020-12-04T16:21:19 EET" finished-at="2020-12-04T16:21:24 EET">
          <params>
            <param index="0">
              <value>
                <![CDATA[Chrome]]>
              </value>
            </param>
          </params>
          <reporter-output>
          </reporter-output>
        </test-method> <!-- openSuite -->
        <test-method status="PASS" signature="errorLoginTest()[pri:0, instance:com.welcome.FailLogIn@5ad851c9]" name="errorLoginTest" duration-ms="1083" started-at="2020-12-04T16:21:24 EET" finished-at="2020-12-04T16:21:26 EET">
          <reporter-output>
          </reporter-output>
        </test-method> <!-- errorLoginTest -->
        <test-method status="PASS" signature="closeTest()[pri:0, instance:com.welcome.FailLogIn@5ad851c9]" name="closeTest" is-config="true" duration-ms="606" started-at="2020-12-04T16:21:26 EET" finished-at="2020-12-04T16:21:26 EET">
          <reporter-output>
          </reporter-output>
        </test-method> <!-- closeTest -->
      </class> <!-- com.welcome.FailLogIn -->
    </test> <!-- FailLogin -->
    <test name="Medecine" duration-ms="20675" started-at="2020-12-04T16:21:26 EET" finished-at="2020-12-04T16:21:47 EET">
      <class name="com.welcome.Medication">
        <test-method status="PASS" signature="loginTest(java.lang.String)[pri:0, instance:com.welcome.Medication@2b6856dd]" name="loginTest" is-config="true" duration-ms="6230" started-at="2020-12-04T16:21:26 EET" finished-at="2020-12-04T16:21:32 EET">
          <params>
            <param index="0">
              <value>
                <![CDATA[Chrome]]>
              </value>
            </param>
          </params>
          <reporter-output>
          </reporter-output>
        </test-method> <!-- loginTest -->
        <test-method status="PASS" signature="medicationTest()[pri:0, instance:com.welcome.Medication@2b6856dd]" name="medicationTest" duration-ms="13829" started-at="2020-12-04T16:21:32 EET" finished-at="2020-12-04T16:21:46 EET">
          <reporter-output>
          </reporter-output>
        </test-method> <!-- medicationTest -->
        <test-method status="PASS" signature="closeTest()[pri:0, instance:com.welcome.Medication@2b6856dd]" name="closeTest" is-config="true" duration-ms="614" started-at="2020-12-04T16:21:46 EET" finished-at="2020-12-04T16:21:47 EET">
          <reporter-output>
          </reporter-output>
        </test-method> <!-- closeTest -->
      </class> <!-- com.welcome.Medication -->
    </test> <!-- Medecine -->
  </suite> <!-- Welcome -->
</testng-results>
